<?xml version="1.0" encoding="UTF-8"?>
<!-- Generated by org.testng.reporters.JUnitXMLReporter -->
<testsuite ignored="0" hostname="Akashs-MacBook-Air.local" failures="0" tests="2" name="Test" time="17.624" errors="0" timestamp="2024-06-20T11:46:42 IST">
  <testcase classname="testCases.TC_1_TestingLoginWithValidInputs" name="testingLogin" time="5.896"/>
  <testcase classname="testCases.TC_2_TestingLoginWithInvalidInputs" name="testingLoginWithInvalidInputs" time="2.707"/>
</testsuite> <!-- Test -->
