<?xml version="1.0" encoding="UTF-8"?>
<testng-results ignored="0" total="2" passed="2" failed="0" skipped="0">
  <reporter-output>
  </reporter-output>
  <suite started-at="2024-06-20T11:44:00 IST" name="Suite" finished-at="2024-06-20T11:44:19 IST" duration-ms="18903">
    <groups>
      <group name="regression">
        <method signature="TC_1_TestingLoginWithValidInputs.testingLogin()[pri:0, instance:testCases.TC_1_TestingLoginWithValidInputs@564fabc8]" name="testingLogin" class="testCases.TC_1_TestingLoginWithValidInputs"/>
        <method signature="TC_2_TestingLoginWithInvalidInputs.testingLoginWithInvalidInputs()[pri:0, instance:testCases.TC_2_TestingLoginWithInvalidInputs@8f4ea7c]" name="testingLoginWithInvalidInputs" class="testCases.TC_2_TestingLoginWithInvalidInputs"/>
      </group> <!-- regression -->
      <group name="sanity">
        <method signature="TC_1_TestingLoginWithValidInputs.testingLogin()[pri:0, instance:testCases.TC_1_TestingLoginWithValidInputs@564fabc8]" name="testingLogin" class="testCases.TC_1_TestingLoginWithValidInputs"/>
      </group> <!-- sanity -->
      <group name="master">
        <method signature="TC_1_TestingLoginWithValidInputs.testingLogin()[pri:0, instance:testCases.TC_1_TestingLoginWithValidInputs@564fabc8]" name="testingLogin" class="testCases.TC_1_TestingLoginWithValidInputs"/>
      </group> <!-- master -->
    </groups>
    <test started-at="2024-06-20T11:44:00 IST" name="Test" finished-at="2024-06-20T11:44:19 IST" duration-ms="18903">
      <class name="testCases.TC_1_TestingLoginWithValidInputs">
        <test-method is-config="true" signature="setup(java.lang.String,java.lang.String)[pri:0, instance:testCases.TC_1_TestingLoginWithValidInputs@564fabc8]" started-at="2024-06-20T11:44:00 IST" name="setup" finished-at="2024-06-20T11:44:09 IST" duration-ms="8814" status="PASS">
          <params>
            <param index="0">
              <value>
                <![CDATA[chrome]]>
              </value>
            </param>
            <param index="1">
              <value>
                <![CDATA[linux]]>
              </value>
            </param>
          </params>
          <reporter-output>
          </reporter-output>
        </test-method> <!-- setup -->
        <test-method signature="testingLogin()[pri:0, instance:testCases.TC_1_TestingLoginWithValidInputs@564fabc8]" started-at="2024-06-20T11:44:09 IST" name="testingLogin" finished-at="2024-06-20T11:44:12 IST" duration-ms="2879" status="PASS">
          <reporter-output>
          </reporter-output>
        </test-method> <!-- testingLogin -->
        <test-method is-config="true" signature="teardown()[pri:0, instance:testCases.TC_1_TestingLoginWithValidInputs@564fabc8]" started-at="2024-06-20T11:44:12 IST" name="teardown" finished-at="2024-06-20T11:44:12 IST" duration-ms="112" status="PASS">
          <reporter-output>
          </reporter-output>
        </test-method> <!-- teardown -->
      </class> <!-- testCases.TC_1_TestingLoginWithValidInputs -->
      <class name="testCases.TC_2_TestingLoginWithInvalidInputs">
        <test-method is-config="true" signature="setup(java.lang.String,java.lang.String)[pri:0, instance:testCases.TC_2_TestingLoginWithInvalidInputs@8f4ea7c]" started-at="2024-06-20T11:44:12 IST" name="setup" finished-at="2024-06-20T11:44:16 IST" duration-ms="3822" status="PASS">
          <params>
            <param index="0">
              <value>
                <![CDATA[chrome]]>
              </value>
            </param>
            <param index="1">
              <value>
                <![CDATA[linux]]>
              </value>
            </param>
          </params>
          <reporter-output>
          </reporter-output>
        </test-method> <!-- setup -->
        <test-method signature="testingLoginWithInvalidInputs()[pri:0, instance:testCases.TC_2_TestingLoginWithInvalidInputs@8f4ea7c]" started-at="2024-06-20T11:44:16 IST" name="testingLoginWithInvalidInputs" finished-at="2024-06-20T11:44:19 IST" duration-ms="3008" status="PASS">
          <reporter-output>
          </reporter-output>
        </test-method> <!-- testingLoginWithInvalidInputs -->
        <test-method is-config="true" signature="teardown()[pri:0, instance:testCases.TC_2_TestingLoginWithInvalidInputs@8f4ea7c]" started-at="2024-06-20T11:44:19 IST" name="teardown" finished-at="2024-06-20T11:44:19 IST" duration-ms="106" status="PASS">
          <reporter-output>
          </reporter-output>
        </test-method> <!-- teardown -->
      </class> <!-- testCases.TC_2_TestingLoginWithInvalidInputs -->
    </test> <!-- Test -->
  </suite> <!-- Suite -->
</testng-results>
